<?xml version='1.0' encoding='UTF-8'?>
<testsuite hostname="knoldus-2014-3" name="com.knolx.core.impl.KnolRepoImplTest" tests="7" errors="0" failures="0" time="0.308">
                     <properties>
[...]
</properties>
                     <testcase classname="com.knolx.core.impl.KnolRepoImplTest" name="Create a Knol Negative" time="0.068">
                                                 
                                               </testcase><testcase classname="com.knolx.core.impl.KnolRepoImplTest" name="Create a Knol" time="0.067">
                                                 
                                               </testcase><testcase classname="com.knolx.core.impl.KnolRepoImplTest" name="Updating a knol" time="0.069">
                                                 
                                               </testcase><testcase classname="com.knolx.core.impl.KnolRepoImplTest" name="Updating a non existing knol" time="0.011">
                                                 
                                               </testcase><testcase classname="com.knolx.core.impl.KnolRepoImplTest" name="Deleting a knol" time="0.068">
                                                 
                                               </testcase><testcase classname="com.knolx.core.impl.KnolRepoImplTest" name="deleting a non existing knol" time="0.015">
                                                 
                                               </testcase><testcase classname="com.knolx.core.impl.KnolRepoImplTest" name="Fetching the list of Records" time="0.01">
                                                 
                                               </testcase>
                     <system-out></system-out>
                     <system-err></system-err>
                   </testsuite>