<?xml version="1.0"?>
<!DOCTYPE coverage SYSTEM "http://cobertura.sourceforge.net/xml/coverage-04.dtd">
<coverage line-rate="0.93" lines-covered="254" lines-valid="237" branches-covered="23" branches-valid="22" branch-rate="0.96" complexity="0" version="1.0" timestamp="1423476791536">
      <sources>
        <source>/src/main/scala</source>
      </sources>
      <packages>
        <package name="com.knol.db.connection" line-rate="1.00" branch-rate="1.00" complexity="0">
      <classes>
        <class name="Connection" filename="src/main/scala/com/knol/db/connection/Connection.scala" line-rate="1.00" branch-rate="1.00" complexity="0">
      <methods>
        <method name="com.knol.db.connection/Connection/&lt;none&gt;" signature="()V" line-rate="1.00" branch-rate="1.00">
      <lines>
        <line number="12" hits="1" branch="false"/><line number="15" hits="1" branch="false"/><line number="14" hits="1" branch="false"/><line number="12" hits="1" branch="false"/><line number="13" hits="1" branch="false"/><line number="16" hits="1" branch="false"/>
      </lines>
    </method>
      </methods>
      <lines>
        <line number="12" hits="1" branch="false"/><line number="15" hits="1" branch="false"/><line number="14" hits="1" branch="false"/><line number="12" hits="1" branch="false"/><line number="13" hits="1" branch="false"/><line number="16" hits="1" branch="false"/>
      </lines>
    </class>
      </classes>
    </package><package name="com.knolx.core.impl" line-rate="0.93" branch-rate="0.96" complexity="0">
      <classes>
        <class name="ConnectionImpl" filename="src/main/scala/com/knolx/core/impl/ConnectionImpl.scala" line-rate="0.83" branch-rate="1.00" complexity="0">
      <methods>
        <method name="com.knolx.core.impl/ConnectionImpl/getConnection" signature="()V" line-rate="0.83" branch-rate="1.00">
      <lines>
        <line number="18" hits="1" branch="false"/><line number="23" hits="0" branch="false"/><line number="19" hits="1" branch="false"/><line number="19" hits="1" branch="false"/><line number="19" hits="1" branch="false"/><line number="17" hits="1" branch="false"/><line number="18" hits="1" branch="false"/><line number="19" hits="1" branch="false"/><line number="19" hits="1" branch="false"/><line number="24" hits="0" branch="false"/><line number="19" hits="1" branch="false"/><line number="20" hits="1" branch="false"/>
      </lines>
    </method>
      </methods>
      <lines>
        <line number="18" hits="1" branch="false"/><line number="23" hits="0" branch="false"/><line number="19" hits="1" branch="false"/><line number="19" hits="1" branch="false"/><line number="19" hits="1" branch="false"/><line number="17" hits="1" branch="false"/><line number="18" hits="1" branch="false"/><line number="19" hits="1" branch="false"/><line number="19" hits="1" branch="false"/><line number="24" hits="0" branch="false"/><line number="19" hits="1" branch="false"/><line number="20" hits="1" branch="false"/>
      </lines>
    </class><class name="KnolRepoDbImpl" filename="src/main/scala/com/knolx/core/impl/KnolRepoDbImpl.scala" line-rate="0.95" branch-rate="0.92" complexity="0">
      <methods>
        <method name="com.knolx.core.impl/KnolRepoDbImpl/deleteKnolder" signature="()V" line-rate="0.96" branch-rate="1.00">
      <lines>
        <line number="100" hits="1" branch="false"/><line number="108" hits="1" branch="false"/><line number="93" hits="1" branch="false"/><line number="99" hits="1" branch="false"/><line number="96" hits="1" branch="false"/><line number="98" hits="1" branch="false"/><line number="89" hits="1" branch="false"/><line number="108" hits="1" branch="false"/><line number="91" hits="1" branch="false"/><line number="99" hits="1" branch="false"/><line number="95" hits="1" branch="false"/><line number="99" hits="1" branch="false"/><line number="109" hits="1" branch="false"/><line number="104" hits="0" branch="false"/><line number="98" hits="1" branch="false"/><line number="97" hits="1" branch="false"/><line number="102" hits="1" branch="false"/><line number="99" hits="1" branch="false"/><line number="108" hits="1" branch="false"/><line number="90" hits="1" branch="false"/><line number="94" hits="1" branch="false"/><line number="100" hits="1" branch="false"/><line number="108" hits="1" branch="false"/>
      </lines>
    </method><method name="com.knolx.core.impl/KnolRepoDbImpl/updateKnolder" signature="()V" line-rate="0.97" branch-rate="1.00">
      <lines>
        <line number="75" hits="0" branch="false"/><line number="58" hits="1" branch="false"/><line number="63" hits="1" branch="false"/><line number="69" hits="1" branch="false"/><line number="61" hits="1" branch="false"/><line number="64" hits="1" branch="false"/><line number="80" hits="1" branch="false"/><line number="70" hits="1" branch="false"/><line number="70" hits="1" branch="false"/><line number="62" hits="1" branch="false"/><line number="66" hits="1" branch="false"/><line number="65" hits="1" branch="false"/><line number="62" hits="1" branch="false"/><line number="71" hits="1" branch="false"/><line number="68" hits="1" branch="false"/><line number="63" hits="1" branch="false"/><line number="56" hits="1" branch="false"/><line number="73" hits="1" branch="false"/><line number="79" hits="1" branch="false"/><line number="70" hits="1" branch="false"/><line number="60" hits="1" branch="false"/><line number="64" hits="1" branch="false"/><line number="64" hits="1" branch="false"/><line number="69" hits="1" branch="false"/><line number="54" hits="1" branch="false"/><line number="65" hits="1" branch="false"/><line number="62" hits="1" branch="false"/><line number="71" hits="1" branch="false"/><line number="55" hits="1" branch="false"/><line number="63" hits="1" branch="false"/><line number="70" hits="1" branch="false"/><line number="67" hits="1" branch="false"/><line number="59" hits="1" branch="false"/>
      </lines>
    </method><method name="com.knolx.core.impl/KnolRepoDbImpl/createKnolder" signature="()V" line-rate="0.96" branch-rate="1.00">
      <lines>
        <line number="24" hits="1" branch="false"/><line number="28" hits="1" branch="false"/><line number="36" hits="1" branch="false"/><line number="30" hits="1" branch="false"/><line number="40" hits="0" branch="false"/><line number="26" hits="1" branch="false"/><line number="33" hits="1" branch="false"/><line number="27" hits="1" branch="false"/><line number="45" hits="1" branch="false"/><line number="20" hits="1" branch="false"/><line number="44" hits="1" branch="false"/><line number="35" hits="1" branch="false"/><line number="23" hits="1" branch="false"/><line number="28" hits="1" branch="false"/><line number="37" hits="1" branch="false"/><line number="26" hits="1" branch="false"/><line number="29" hits="1" branch="false"/><line number="32" hits="1" branch="false"/><line number="27" hits="1" branch="false"/><line number="19" hits="1" branch="false"/><line number="26" hits="1" branch="false"/><line number="31" hits="1" branch="false"/><line number="21" hits="1" branch="false"/><line number="27" hits="1" branch="false"/><line number="34" hits="1" branch="false"/><line number="36" hits="1" branch="false"/><line number="25" hits="1" branch="false"/><line number="28" hits="1" branch="false"/>
      </lines>
    </method><method name="com.knolx.core.impl/KnolRepoDbImpl/getKnolderList" signature="()V" line-rate="0.91" branch-rate="0.80">
      <lines>
        <line number="142" hits="1" branch="false"/><line number="125" hits="1" branch="false"/><line number="133" hits="1" branch="false"/><line number="135" hits="1" branch="false"/><line number="118" hits="1" branch="false"/><line number="136" hits="1" branch="false"/><line number="128" hits="1" branch="false"/><line number="128" hits="1" branch="false"/><line number="142" hits="1" branch="false"/><line number="135" hits="1" branch="false"/><line number="131" hits="1" branch="false"/><line number="122" hits="1" branch="false"/><line number="128" hits="1" branch="false"/><line number="117" hits="1" branch="false"/><line number="121" hits="1" branch="false"/><line number="130" hits="1" branch="false"/><line number="133" hits="1" branch="false"/><line number="135" hits="0" branch="false"/><line number="142" hits="1" branch="false"/><line number="124" hits="1" branch="false"/><line number="136" hits="1" branch="false"/><line number="128" hits="1" branch="false"/><line number="127" hits="1" branch="false"/><line number="135" hits="1" branch="false"/><line number="143" hits="1" branch="false"/><line number="133" hits="1" branch="false"/><line number="138" hits="0" branch="false"/><line number="119" hits="1" branch="false"/><line number="129" hits="1" branch="false"/><line number="128" hits="1" branch="false"/><line number="135" hits="0" branch="false"/><line number="142" hits="1" branch="false"/><line number="123" hits="1" branch="false"/><line number="132" hits="1" branch="false"/><line number="126" hits="1" branch="false"/>
      </lines>
    </method><method name="com.knolx.core.impl/KnolRepoDbImpl/&lt;none&gt;" signature="()V" line-rate="1.00" branch-rate="1.00">
      <lines>
        <line number="13" hits="1" branch="false"/>
      </lines>
    </method>
      </methods>
      <lines>
        <line number="142" hits="1" branch="false"/><line number="100" hits="1" branch="false"/><line number="108" hits="1" branch="false"/><line number="93" hits="1" branch="false"/><line number="125" hits="1" branch="false"/><line number="133" hits="1" branch="false"/><line number="135" hits="1" branch="false"/><line number="24" hits="1" branch="false"/><line number="99" hits="1" branch="false"/><line number="118" hits="1" branch="false"/><line number="136" hits="1" branch="false"/><line number="128" hits="1" branch="false"/><line number="75" hits="0" branch="false"/><line number="96" hits="1" branch="false"/><line number="58" hits="1" branch="false"/><line number="63" hits="1" branch="false"/><line number="69" hits="1" branch="false"/><line number="28" hits="1" branch="false"/><line number="36" hits="1" branch="false"/><line number="128" hits="1" branch="false"/><line number="61" hits="1" branch="false"/><line number="64" hits="1" branch="false"/><line number="142" hits="1" branch="false"/><line number="30" hits="1" branch="false"/><line number="40" hits="0" branch="false"/><line number="26" hits="1" branch="false"/><line number="135" hits="1" branch="false"/><line number="80" hits="1" branch="false"/><line number="98" hits="1" branch="false"/><line number="131" hits="1" branch="false"/><line number="89" hits="1" branch="false"/><line number="70" hits="1" branch="false"/><line number="122" hits="1" branch="false"/><line number="70" hits="1" branch="false"/><line number="62" hits="1" branch="false"/><line number="33" hits="1" branch="false"/><line number="27" hits="1" branch="false"/><line number="45" hits="1" branch="false"/><line number="20" hits="1" branch="false"/><line number="66" hits="1" branch="false"/><line number="128" hits="1" branch="false"/><line number="117" hits="1" branch="false"/><line number="121" hits="1" branch="false"/><line number="130" hits="1" branch="false"/><line number="44" hits="1" branch="false"/><line number="133" hits="1" branch="false"/><line number="135" hits="0" branch="false"/><line number="142" hits="1" branch="false"/><line number="108" hits="1" branch="false"/><line number="91" hits="1" branch="false"/><line number="124" hits="1" branch="false"/><line number="99" hits="1" branch="false"/><line number="65" hits="1" branch="false"/><line number="62" hits="1" branch="false"/><line number="71" hits="1" branch="false"/><line number="95" hits="1" branch="false"/><line number="99" hits="1" branch="false"/><line number="68" hits="1" branch="false"/><line number="63" hits="1" branch="false"/><line number="35" hits="1" branch="false"/><line number="56" hits="1" branch="false"/><line number="136" hits="1" branch="false"/><line number="128" hits="1" branch="false"/><line number="23" hits="1" branch="false"/><line number="28" hits="1" branch="false"/><line number="73" hits="1" branch="false"/><line number="109" hits="1" branch="false"/><line number="127" hits="1" branch="false"/><line number="104" hits="0" branch="false"/><line number="79" hits="1" branch="false"/><line number="98" hits="1" branch="false"/><line number="70" hits="1" branch="false"/><line number="60" hits="1" branch="false"/><line number="37" hits="1" branch="false"/><line number="26" hits="1" branch="false"/><line number="29" hits="1" branch="false"/><line number="64" hits="1" branch="false"/><line number="32" hits="1" branch="false"/><line number="13" hits="1" branch="false"/><line number="27" hits="1" branch="false"/><line number="135" hits="1" branch="false"/><line number="143" hits="1" branch="false"/><line number="133" hits="1" branch="false"/><line number="64" hits="1" branch="false"/><line number="97" hits="1" branch="false"/><line number="102" hits="1" branch="false"/><line number="138" hits="0" branch="false"/><line number="119" hits="1" branch="false"/><line number="129" hits="1" branch="false"/><line number="128" hits="1" branch="false"/><line number="69" hits="1" branch="false"/><line number="54" hits="1" branch="false"/><line number="99" hits="1" branch="false"/><line number="108" hits="1" branch="false"/><line number="65" hits="1" branch="false"/><line number="19" hits="1" branch="false"/><line number="62" hits="1" branch="false"/><line number="71" hits="1" branch="false"/><line number="90" hits="1" branch="false"/><line number="135" hits="0" branch="false"/><line number="26" hits="1" branch="false"/><line number="31" hits="1" branch="false"/><line number="142" hits="1" branch="false"/><line number="123" hits="1" branch="false"/><line number="132" hits="1" branch="false"/><line number="55" hits="1" branch="false"/><line number="21" hits="1" branch="false"/><line number="63" hits="1" branch="false"/><line number="94" hits="1" branch="false"/><line number="100" hits="1" branch="false"/><line number="108" hits="1" branch="false"/><line number="70" hits="1" branch="false"/><line number="27" hits="1" branch="false"/><line number="34" hits="1" branch="false"/><line number="126" hits="1" branch="false"/><line number="67" hits="1" branch="false"/><line number="36" hits="1" branch="false"/><line number="59" hits="1" branch="false"/><line number="25" hits="1" branch="false"/><line number="28" hits="1" branch="false"/>
      </lines>
    </class><class name="KnolSessionRepoImpl" filename="src/main/scala/com/knolx/core/impl/KnolSessionRepoImpl.scala" line-rate="0.92" branch-rate="1.00" complexity="0">
      <methods>
        <method name="com.knolx.core.impl/KnolSessionRepoImpl/&lt;none&gt;" signature="()V" line-rate="1.00" branch-rate="1.00">
      <lines>
        <line number="10" hits="1" branch="false"/>
      </lines>
    </method><method name="com.knolx.core.impl/KnolSessionRepoImpl/updateKnolSession" signature="()V" line-rate="0.97" branch-rate="1.00">
      <lines>
        <line number="75" hits="1" branch="false"/><line number="54" hits="1" branch="false"/><line number="60" hits="1" branch="false"/><line number="65" hits="1" branch="false"/><line number="68" hits="1" branch="false"/><line number="57" hits="1" branch="false"/><line number="61" hits="1" branch="false"/><line number="60" hits="1" branch="false"/><line number="66" hits="1" branch="false"/><line number="56" hits="1" branch="false"/><line number="76" hits="1" branch="false"/><line number="58" hits="1" branch="false"/><line number="63" hits="1" branch="false"/><line number="71" hits="0" branch="false"/><line number="59" hits="1" branch="false"/><line number="52" hits="1" branch="false"/><line number="75" hits="1" branch="false"/><line number="65" hits="1" branch="false"/><line number="64" hits="1" branch="false"/><line number="59" hits="1" branch="false"/><line number="75" hits="1" branch="false"/><line number="55" hits="1" branch="false"/><line number="60" hits="1" branch="false"/><line number="66" hits="1" branch="false"/><line number="75" hits="1" branch="false"/><line number="62" hits="1" branch="false"/><line number="58" hits="1" branch="false"/><line number="68" hits="1" branch="false"/><line number="51" hits="1" branch="false"/><line number="59" hits="1" branch="false"/><line number="64" hits="1" branch="false"/><line number="50" hits="1" branch="false"/>
      </lines>
    </method><method name="com.knolx.core.impl/KnolSessionRepoImpl/getKnolSessionList" signature="()V" line-rate="0.97" branch-rate="1.00">
      <lines>
        <line number="100" hits="1" branch="false"/><line number="102" hits="1" branch="false"/><line number="92" hits="1" branch="false"/><line number="109" hits="1" branch="false"/><line number="102" hits="1" branch="false"/><line number="109" hits="1" branch="false"/><line number="94" hits="1" branch="false"/><line number="95" hits="1" branch="false"/><line number="103" hits="1" branch="false"/><line number="95" hits="1" branch="false"/><line number="84" hits="1" branch="false"/><line number="88" hits="1" branch="false"/><line number="97" hits="1" branch="false"/><line number="91" hits="1" branch="false"/><line number="100" hits="1" branch="false"/><line number="102" hits="1" branch="false"/><line number="90" hits="1" branch="false"/><line number="99" hits="1" branch="false"/><line number="109" hits="1" branch="false"/><line number="102" hits="1" branch="false"/><line number="93" hits="1" branch="false"/><line number="100" hits="1" branch="false"/><line number="110" hits="1" branch="false"/><line number="96" hits="1" branch="false"/><line number="95" hits="1" branch="false"/><line number="86" hits="1" branch="false"/><line number="105" hits="0" branch="false"/><line number="103" hits="1" branch="false"/><line number="95" hits="1" branch="false"/><line number="85" hits="1" branch="false"/><line number="95" hits="1" branch="false"/><line number="98" hits="1" branch="false"/><line number="102" hits="1" branch="false"/><line number="89" hits="1" branch="false"/><line number="109" hits="1" branch="false"/>
      </lines>
    </method><method name="com.knolx.core.impl/KnolSessionRepoImpl/createKnolSession" signature="()V" line-rate="0.97" branch-rate="1.00">
      <lines>
        <line number="24" hits="1" branch="false"/><line number="28" hits="1" branch="false"/><line number="38" hits="0" branch="false"/><line number="31" hits="1" branch="false"/><line number="42" hits="1" branch="false"/><line number="18" hits="1" branch="false"/><line number="25" hits="1" branch="false"/><line number="42" hits="1" branch="false"/><line number="21" hits="1" branch="false"/><line number="26" hits="1" branch="false"/><line number="33" hits="1" branch="false"/><line number="42" hits="1" branch="false"/><line number="35" hits="1" branch="false"/><line number="24" hits="1" branch="false"/><line number="27" hits="1" branch="false"/><line number="25" hits="1" branch="false"/><line number="30" hits="1" branch="false"/><line number="24" hits="1" branch="false"/><line number="29" hits="1" branch="false"/><line number="17" hits="1" branch="false"/><line number="42" hits="1" branch="false"/><line number="25" hits="1" branch="false"/><line number="32" hits="1" branch="false"/><line number="19" hits="1" branch="false"/><line number="23" hits="1" branch="false"/><line number="26" hits="1" branch="false"/><line number="34" hits="1" branch="false"/><line number="26" hits="1" branch="false"/><line number="43" hits="1" branch="false"/><line number="22" hits="1" branch="false"/><line number="34" hits="1" branch="false"/>
      </lines>
    </method><method name="com.knolx.core.impl/KnolSessionRepoImpl/deleteKnolSession" signature="()V" line-rate="0.65" branch-rate="1.00">
      <lines>
        <line number="134" hits="0" branch="false"/><line number="126" hits="1" branch="false"/><line number="125" hits="1" branch="false"/><line number="133" hits="0" branch="false"/><line number="127" hits="1" branch="false"/><line number="118" hits="1" branch="false"/><line number="133" hits="0" branch="false"/><line number="122" hits="1" branch="false"/><line number="117" hits="1" branch="false"/><line number="121" hits="1" branch="false"/><line number="133" hits="0" branch="false"/><line number="124" hits="1" branch="false"/><line number="126" hits="1" branch="false"/><line number="129" hits="0" branch="false"/><line number="119" hits="1" branch="false"/><line number="123" hits="1" branch="false"/><line number="133" hits="0" branch="false"/>
      </lines>
    </method>
      </methods>
      <lines>
        <line number="24" hits="1" branch="false"/><line number="100" hits="1" branch="false"/><line number="102" hits="1" branch="false"/><line number="75" hits="1" branch="false"/><line number="54" hits="1" branch="false"/><line number="92" hits="1" branch="false"/><line number="60" hits="1" branch="false"/><line number="134" hits="0" branch="false"/><line number="65" hits="1" branch="false"/><line number="28" hits="1" branch="false"/><line number="38" hits="0" branch="false"/><line number="126" hits="1" branch="false"/><line number="109" hits="1" branch="false"/><line number="68" hits="1" branch="false"/><line number="57" hits="1" branch="false"/><line number="31" hits="1" branch="false"/><line number="61" hits="1" branch="false"/><line number="42" hits="1" branch="false"/><line number="18" hits="1" branch="false"/><line number="25" hits="1" branch="false"/><line number="125" hits="1" branch="false"/><line number="102" hits="1" branch="false"/><line number="133" hits="0" branch="false"/><line number="109" hits="1" branch="false"/><line number="60" hits="1" branch="false"/><line number="66" hits="1" branch="false"/><line number="56" hits="1" branch="false"/><line number="94" hits="1" branch="false"/><line number="42" hits="1" branch="false"/><line number="127" hits="1" branch="false"/><line number="95" hits="1" branch="false"/><line number="76" hits="1" branch="false"/><line number="103" hits="1" branch="false"/><line number="118" hits="1" branch="false"/><line number="21" hits="1" branch="false"/><line number="26" hits="1" branch="false"/><line number="95" hits="1" branch="false"/><line number="133" hits="0" branch="false"/><line number="84" hits="1" branch="false"/><line number="88" hits="1" branch="false"/><line number="97" hits="1" branch="false"/><line number="33" hits="1" branch="false"/><line number="42" hits="1" branch="false"/><line number="58" hits="1" branch="false"/><line number="63" hits="1" branch="false"/><line number="71" hits="0" branch="false"/><line number="122" hits="1" branch="false"/><line number="59" hits="1" branch="false"/><line number="35" hits="1" branch="false"/><line number="52" hits="1" branch="false"/><line number="75" hits="1" branch="false"/><line number="91" hits="1" branch="false"/><line number="100" hits="1" branch="false"/><line number="65" hits="1" branch="false"/><line number="24" hits="1" branch="false"/><line number="27" hits="1" branch="false"/><line number="10" hits="1" branch="false"/><line number="25" hits="1" branch="false"/><line number="30" hits="1" branch="false"/><line number="117" hits="1" branch="false"/><line number="121" hits="1" branch="false"/><line number="64" hits="1" branch="false"/><line number="102" hits="1" branch="false"/><line number="59" hits="1" branch="false"/><line number="90" hits="1" branch="false"/><line number="99" hits="1" branch="false"/><line number="75" hits="1" branch="false"/><line number="133" hits="0" branch="false"/><line number="109" hits="1" branch="false"/><line number="124" hits="1" branch="false"/><line number="24" hits="1" branch="false"/><line number="55" hits="1" branch="false"/><line number="29" hits="1" branch="false"/><line number="60" hits="1" branch="false"/><line number="102" hits="1" branch="false"/><line number="93" hits="1" branch="false"/><line number="100" hits="1" branch="false"/><line number="17" hits="1" branch="false"/><line number="110" hits="1" branch="false"/><line number="126" hits="1" branch="false"/><line number="66" hits="1" branch="false"/><line number="75" hits="1" branch="false"/><line number="96" hits="1" branch="false"/><line number="62" hits="1" branch="false"/><line number="95" hits="1" branch="false"/><line number="42" hits="1" branch="false"/><line number="58" hits="1" branch="false"/><line number="25" hits="1" branch="false"/><line number="32" hits="1" branch="false"/><line number="19" hits="1" branch="false"/><line number="68" hits="1" branch="false"/><line number="86" hits="1" branch="false"/><line number="105" hits="0" branch="false"/><line number="51" hits="1" branch="false"/><line number="23" hits="1" branch="false"/><line number="26" hits="1" branch="false"/><line number="34" hits="1" branch="false"/><line number="103" hits="1" branch="false"/><line number="95" hits="1" branch="false"/><line number="129" hits="0" branch="false"/><line number="85" hits="1" branch="false"/><line number="95" hits="1" branch="false"/><line number="119" hits="1" branch="false"/><line number="59" hits="1" branch="false"/><line number="26" hits="1" branch="false"/><line number="64" hits="1" branch="false"/><line number="43" hits="1" branch="false"/><line number="22" hits="1" branch="false"/><line number="98" hits="1" branch="false"/><line number="34" hits="1" branch="false"/><line number="123" hits="1" branch="false"/><line number="133" hits="0" branch="false"/><line number="50" hits="1" branch="false"/><line number="102" hits="1" branch="false"/><line number="89" hits="1" branch="false"/><line number="109" hits="1" branch="false"/>
      </lines>
    </class>
      </classes>
    </package>
      </packages>
    </coverage>